<?xml version="1.0" encoding="UTF-8"?>
<testng-results ignored="0" total="2" passed="2" failed="0" skipped="0">
  <reporter-output>
  </reporter-output>
  <suite started-at="2024-03-03T21:28:40 IST" name="Default suite" finished-at="2024-03-03T21:28:46 IST" duration-ms="6379">
    <groups>
    </groups>
    <test started-at="2024-03-03T21:28:40 IST" name="Default test" finished-at="2024-03-03T21:28:46 IST" duration-ms="6379">
      <class name="com.Episode56TestNGDataprovider.DataProvider1">
        <test-method signature="login(java.lang.String,java.lang.String)[pri:0, instance:com.Episode56TestNGDataprovider.DataProvider1@6404f418]" started-at="2024-03-03T21:28:40 IST" name="login" data-provider="getData" finished-at="2024-03-03T21:28:44 IST" duration-ms="3726" status="PASS">
          <params>
            <param index="0">
              <value>
                <![CDATA[Guna.b98@gmail.com]]>
              </value>
            </param>
            <param index="1">
              <value>
                <![CDATA[pass@123]]>
              </value>
            </param>
          </params>
          <reporter-output>
          </reporter-output>
        </test-method> <!-- login -->
        <test-method signature="login(java.lang.String,java.lang.String)[pri:0, instance:com.Episode56TestNGDataprovider.DataProvider1@6404f418]" started-at="2024-03-03T21:28:44 IST" name="login" data-provider="getData" finished-at="2024-03-03T21:28:46 IST" duration-ms="2610" status="PASS">
          <params>
            <param index="0">
              <value>
                <![CDATA[Guna.b987@gmail.com]]>
              </value>
            </param>
            <param index="1">
              <value>
                <![CDATA[pass@12345]]>
              </value>
            </param>
          </params>
          <reporter-output>
          </reporter-output>
        </test-method> <!-- login -->
      </class> <!-- com.Episode56TestNGDataprovider.DataProvider1 -->
    </test> <!-- Default test -->
  </suite> <!-- Default suite -->
</testng-results>
